This is pdfTeX, Version 3.14159265-2.6-1.40.20 (TeX Live 2019/Debian) (preloaded format=pdflatex 2023.6.11)  11 AUG 2023 11:39
entering extended mode
 restricted \write18 enabled.
 file:line:error style messages enabled.
 %&-line parsing enabled.
**/mnt/0e15d7d1-2cb8-4681-974a-44d3c48bee6d/Documents/modeloMemorialLatex/memorial_amp.tex
(/mnt/0e15d7d1-2cb8-4681-974a-44d3c48bee6d/Documents/modeloMemorialLatex/memorial_amp.tex
LaTeX2e <2020-02-02> patch level 2
L3 programming layer <2020-02-14> (/usr/share/texlive/texmf-dist/tex/latex/base/article.cls
Document Class: article 2019/12/20 v1.4l Standard LaTeX document class
(/usr/share/texlive/texmf-dist/tex/latex/base/size10.clo
File: size10.clo 2019/12/20 v1.4l Standard LaTeX file (size option)
)
\c@part=\count167
\c@section=\count168
\c@subsection=\count169
\c@subsubsection=\count170
\c@paragraph=\count171
\c@subparagraph=\count172
\c@figure=\count173
\c@table=\count174
\abovecaptionskip=\skip47
\belowcaptionskip=\skip48
\bibindent=\dimen134
) (/usr/share/texlive/texmf-dist/tex/latex/graphics/graphicx.sty
Package: graphicx 2019/11/30 v1.2a Enhanced LaTeX Graphics (DPC,SPQR)
 (/usr/share/texlive/texmf-dist/tex/latex/graphics/keyval.sty
Package: keyval 2014/10/28 v1.15 key=value parser (DPC)
\KV@toks@=\toks14
) (/usr/share/texlive/texmf-dist/tex/latex/graphics/graphics.sty
Package: graphics 2019/11/30 v1.4a Standard LaTeX Graphics (DPC,SPQR)
 (/usr/share/texlive/texmf-dist/tex/latex/graphics/trig.sty
Package: trig 2016/01/03 v1.10 sin cos tan (DPC)
) (/usr/share/texlive/texmf-dist/tex/latex/graphics-cfg/graphics.cfg
File: graphics.cfg 2016/06/04 v1.11 sample graphics configuration
)
Package graphics Info: Driver file: pdftex.def on input line 105.
 (/usr/share/texlive/texmf-dist/tex/latex/graphics-def/pdftex.def
File: pdftex.def 2018/01/08 v1.0l Graphics/color driver for pdftex
))
\Gin@req@height=\dimen135
\Gin@req@width=\dimen136
) (/usr/share/texlive/texmf-dist/tex/latex/amsmath/amsmath.sty
Package: amsmath 2020/01/20 v2.17e AMS math features
\@mathmargin=\skip49

For additional information on amsmath, use the `?' option.
(/usr/share/texlive/texmf-dist/tex/latex/amsmath/amstext.sty
Package: amstext 2000/06/29 v2.01 AMS text
 (/usr/share/texlive/texmf-dist/tex/latex/amsmath/amsgen.sty
File: amsgen.sty 1999/11/30 v2.0 generic functions
\@emptytoks=\toks15
\ex@=\dimen137
)) (/usr/share/texlive/texmf-dist/tex/latex/amsmath/amsbsy.sty
Package: amsbsy 1999/11/29 v1.2d Bold Symbols
\pmbraise@=\dimen138
) (/usr/share/texlive/texmf-dist/tex/latex/amsmath/amsopn.sty
Package: amsopn 2016/03/08 v2.02 operator names
)
\inf@bad=\count175
LaTeX Info: Redefining \frac on input line 227.
\uproot@=\count176
\leftroot@=\count177
LaTeX Info: Redefining \overline on input line 389.
\classnum@=\count178
\DOTSCASE@=\count179
LaTeX Info: Redefining \ldots on input line 486.
LaTeX Info: Redefining \dots on input line 489.
LaTeX Info: Redefining \cdots on input line 610.
\Mathstrutbox@=\box45
\strutbox@=\box46
\big@size=\dimen139
LaTeX Font Info:    Redeclaring font encoding OML on input line 733.
LaTeX Font Info:    Redeclaring font encoding OMS on input line 734.
\macc@depth=\count180
\c@MaxMatrixCols=\count181
\dotsspace@=\muskip16
\c@parentequation=\count182
\dspbrk@lvl=\count183
\tag@help=\toks16
\row@=\count184
\column@=\count185
\maxfields@=\count186
\andhelp@=\toks17
\eqnshift@=\dimen140
\alignsep@=\dimen141
\tagshift@=\dimen142
\tagwidth@=\dimen143
\totwidth@=\dimen144
\lineht@=\dimen145
\@envbody=\toks18
\multlinegap=\skip50
\multlinetaggap=\skip51
\mathdisplay@stack=\toks19
LaTeX Info: Redefining \[ on input line 2859.
LaTeX Info: Redefining \] on input line 2860.
) (/usr/share/texlive/texmf-dist/tex/latex/amsfonts/amssymb.sty
Package: amssymb 2013/01/14 v3.01 AMS font symbols
 (/usr/share/texlive/texmf-dist/tex/latex/amsfonts/amsfonts.sty
Package: amsfonts 2013/01/14 v3.01 Basic AMSFonts support
\symAMSa=\mathgroup4
\symAMSb=\mathgroup5
LaTeX Font Info:    Redeclaring math symbol \hbar on input line 98.
LaTeX Font Info:    Overwriting math alphabet `\mathfrak' in version `bold'
(Font)                  U/euf/m/n --> U/euf/b/n on input line 106.
)) (/usr/share/texlive/texmf-dist/tex/latex/hyphenat/hyphenat.sty
Package: hyphenat 2009/09/02 v2.3c hyphenation utilities
\langwohyphens=\language8
LaTeX Info: Redefining \_ on input line 43.
) (/usr/share/texlive/texmf-dist/tex/latex/fancyhdr/fancyhdr.sty
Package: fancyhdr 2019/01/31 v3.10 Extensive control of page headers and footers
\f@nch@headwidth=\skip52
\f@nch@O@elh=\skip53
\f@nch@O@erh=\skip54
\f@nch@O@olh=\skip55
\f@nch@O@orh=\skip56
\f@nch@O@elf=\skip57
\f@nch@O@erf=\skip58
\f@nch@O@olf=\skip59
\f@nch@O@orf=\skip60
) (/usr/share/texlive/texmf-dist/tex/latex/cite/cite.sty
LaTeX Info: Redefining \cite on input line 302.
LaTeX Info: Redefining \nocite on input line 332.
Package: cite 2015/02/27  v 5.5
) (/usr/share/texlive/texmf-dist/tex/latex/tools/indentfirst.sty
Package: indentfirst 1995/11/23 v1.03 Indent first paragraph (DPC)
) (/usr/share/texlive/texmf-dist/tex/latex/graphics/color.sty
Package: color 2019/11/23 v1.2a Standard LaTeX Color (DPC)
 (/usr/share/texlive/texmf-dist/tex/latex/graphics-cfg/color.cfg
File: color.cfg 2016/01/02 v1.6 sample color configuration
)
Package color Info: Driver file: pdftex.def on input line 147.
 (/usr/share/texlive/texmf-dist/tex/latex/graphics/dvipsnam.def
File: dvipsnam.def 2016/06/17 v3.0m Driver-dependent file (DPC,SPQR)
)) (/usr/share/texlive/texmf-dist/tex/latex/pdfsync/pdfsync.sty
Package: pdfsync 2008/01/26 v1.1
) (/usr/share/texlive/texmf-dist/tex/latex/url/url.sty
\Urlmuskip=\muskip17
Package: url 2013/09/16  ver 3.4  Verb mode for urls, etc.
) (/usr/share/texlive/texmf-dist/tex/latex/setspace/setspace.sty
Package: setspace 2011/12/19 v6.7a set line spacing
) (/usr/share/texlive/texmf-dist/tex/latex/base/inputenc.sty
Package: inputenc 2018/08/11 v1.3c Input encoding file
\inpenc@prehook=\toks20
\inpenc@posthook=\toks21
 (/usr/share/texlive/texmf-dist/tex/latex/base/latin1.def
File: latin1.def 2018/08/11 v1.3c Input encoding file
) (/usr/share/texlive/texmf-dist/tex/latex/base/utf8.def
File: utf8.def 2019/11/14 v1.2k UTF-8 support for inputenc
Now handling font encoding OML ...
... no UTF-8 mapping file for font encoding OML
Now handling font encoding OMS ...
... processing UTF-8 mapping file for font encoding OMS
 (/usr/share/texlive/texmf-dist/tex/latex/base/omsenc.dfu
File: omsenc.dfu 2019/11/14 v1.2k UTF-8 support for inputenc
   defining Unicode char U+00A7 (decimal 167)
   defining Unicode char U+00B6 (decimal 182)
   defining Unicode char U+00B7 (decimal 183)
   defining Unicode char U+2020 (decimal 8224)
   defining Unicode char U+2021 (decimal 8225)
   defining Unicode char U+2022 (decimal 8226)
)
Now handling font encoding OT1 ...
... processing UTF-8 mapping file for font encoding OT1
 (/usr/share/texlive/texmf-dist/tex/latex/base/ot1enc.dfu
File: ot1enc.dfu 2019/11/14 v1.2k UTF-8 support for inputenc
   defining Unicode char U+00A0 (decimal 160)
   defining Unicode char U+00A1 (decimal 161)
   defining Unicode char U+00A3 (decimal 163)
   defining Unicode char U+00AD (decimal 173)
   defining Unicode char U+00B8 (decimal 184)
   defining Unicode char U+00BF (decimal 191)
   defining Unicode char U+00C5 (decimal 197)
   defining Unicode char U+00C6 (decimal 198)
   defining Unicode char U+00D8 (decimal 216)
   defining Unicode char U+00DF (decimal 223)
   defining Unicode char U+00E6 (decimal 230)
   defining Unicode char U+00EC (decimal 236)
   defining Unicode char U+00ED (decimal 237)
   defining Unicode char U+00EE (decimal 238)
   defining Unicode char U+00EF (decimal 239)
   defining Unicode char U+00F8 (decimal 248)
   defining Unicode char U+0131 (decimal 305)
   defining Unicode char U+0141 (decimal 321)
   defining Unicode char U+0142 (decimal 322)
   defining Unicode char U+0152 (decimal 338)
   defining Unicode char U+0153 (decimal 339)
   defining Unicode char U+0174 (decimal 372)
   defining Unicode char U+0175 (decimal 373)
   defining Unicode char U+0176 (decimal 374)
   defining Unicode char U+0177 (decimal 375)
   defining Unicode char U+0218 (decimal 536)
   defining Unicode char U+0219 (decimal 537)
   defining Unicode char U+021A (decimal 538)
   defining Unicode char U+021B (decimal 539)
   defining Unicode char U+0237 (decimal 567)
   defining Unicode char U+2013 (decimal 8211)
   defining Unicode char U+2014 (decimal 8212)
   defining Unicode char U+2018 (decimal 8216)
   defining Unicode char U+2019 (decimal 8217)
   defining Unicode char U+201C (decimal 8220)
   defining Unicode char U+201D (decimal 8221)
   defining Unicode char U+FB00 (decimal 64256)
   defining Unicode char U+FB01 (decimal 64257)
   defining Unicode char U+FB02 (decimal 64258)
   defining Unicode char U+FB03 (decimal 64259)
   defining Unicode char U+FB04 (decimal 64260)
   defining Unicode char U+FB05 (decimal 64261)
   defining Unicode char U+FB06 (decimal 64262)
)
Now handling font encoding T1 ...
... processing UTF-8 mapping file for font encoding T1
 (/usr/share/texlive/texmf-dist/tex/latex/base/t1enc.dfu
File: t1enc.dfu 2019/11/14 v1.2k UTF-8 support for inputenc
   defining Unicode char U+00A0 (decimal 160)
   defining Unicode char U+00A1 (decimal 161)
   defining Unicode char U+00A3 (decimal 163)
   defining Unicode char U+00AB (decimal 171)
   defining Unicode char U+00AD (decimal 173)
   defining Unicode char U+00BB (decimal 187)
   defining Unicode char U+00BF (decimal 191)
   defining Unicode char U+00C0 (decimal 192)
   defining Unicode char U+00C1 (decimal 193)
   defining Unicode char U+00C2 (decimal 194)
   defining Unicode char U+00C3 (decimal 195)
   defining Unicode char U+00C4 (decimal 196)
   defining Unicode char U+00C5 (decimal 197)
   defining Unicode char U+00C6 (decimal 198)
   defining Unicode char U+00C7 (decimal 199)
   defining Unicode char U+00C8 (decimal 200)
   defining Unicode char U+00C9 (decimal 201)
   defining Unicode char U+00CA (decimal 202)
   defining Unicode char U+00CB (decimal 203)
   defining Unicode char U+00CC (decimal 204)
   defining Unicode char U+00CD (decimal 205)
   defining Unicode char U+00CE (decimal 206)
   defining Unicode char U+00CF (decimal 207)
   defining Unicode char U+00D0 (decimal 208)
   defining Unicode char U+00D1 (decimal 209)
   defining Unicode char U+00D2 (decimal 210)
   defining Unicode char U+00D3 (decimal 211)
   defining Unicode char U+00D4 (decimal 212)
   defining Unicode char U+00D5 (decimal 213)
   defining Unicode char U+00D6 (decimal 214)
   defining Unicode char U+00D8 (decimal 216)
   defining Unicode char U+00D9 (decimal 217)
   defining Unicode char U+00DA (decimal 218)
   defining Unicode char U+00DB (decimal 219)
   defining Unicode char U+00DC (decimal 220)
   defining Unicode char U+00DD (decimal 221)
   defining Unicode char U+00DE (decimal 222)
   defining Unicode char U+00DF (decimal 223)
   defining Unicode char U+00E0 (decimal 224)
   defining Unicode char U+00E1 (decimal 225)
   defining Unicode char U+00E2 (decimal 226)
   defining Unicode char U+00E3 (decimal 227)
   defining Unicode char U+00E4 (decimal 228)
   defining Unicode char U+00E5 (decimal 229)
   defining Unicode char U+00E6 (decimal 230)
   defining Unicode char U+00E7 (decimal 231)
   defining Unicode char U+00E8 (decimal 232)
   defining Unicode char U+00E9 (decimal 233)
   defining Unicode char U+00EA (decimal 234)
   defining Unicode char U+00EB (decimal 235)
   defining Unicode char U+00EC (decimal 236)
   defining Unicode char U+00ED (decimal 237)
   defining Unicode char U+00EE (decimal 238)
   defining Unicode char U+00EF (decimal 239)
   defining Unicode char U+00F0 (decimal 240)
   defining Unicode char U+00F1 (decimal 241)
   defining Unicode char U+00F2 (decimal 242)
   defining Unicode char U+00F3 (decimal 243)
   defining Unicode char U+00F4 (decimal 244)
   defining Unicode char U+00F5 (decimal 245)
   defining Unicode char U+00F6 (decimal 246)
   defining Unicode char U+00F8 (decimal 248)
   defining Unicode char U+00F9 (decimal 249)
   defining Unicode char U+00FA (decimal 250)
   defining Unicode char U+00FB (decimal 251)
   defining Unicode char U+00FC (decimal 252)
   defining Unicode char U+00FD (decimal 253)
   defining Unicode char U+00FE (decimal 254)
   defining Unicode char U+00FF (decimal 255)
   defining Unicode char U+0100 (decimal 256)
   defining Unicode char U+0101 (decimal 257)
   defining Unicode char U+0102 (decimal 258)
   defining Unicode char U+0103 (decimal 259)
   defining Unicode char U+0104 (decimal 260)
   defining Unicode char U+0105 (decimal 261)
   defining Unicode char U+0106 (decimal 262)
   defining Unicode char U+0107 (decimal 263)
   defining Unicode char U+0108 (decimal 264)
   defining Unicode char U+0109 (decimal 265)
   defining Unicode char U+010A (decimal 266)
   defining Unicode char U+010B (decimal 267)
   defining Unicode char U+010C (decimal 268)
   defining Unicode char U+010D (decimal 269)
   defining Unicode char U+010E (decimal 270)
   defining Unicode char U+010F (decimal 271)
   defining Unicode char U+0110 (decimal 272)
   defining Unicode char U+0111 (decimal 273)
   defining Unicode char U+0112 (decimal 274)
   defining Unicode char U+0113 (decimal 275)
   defining Unicode char U+0114 (decimal 276)
   defining Unicode char U+0115 (decimal 277)
   defining Unicode char U+0116 (decimal 278)
   defining Unicode char U+0117 (decimal 279)
   defining Unicode char U+0118 (decimal 280)
   defining Unicode char U+0119 (decimal 281)
   defining Unicode char U+011A (decimal 282)
   defining Unicode char U+011B (decimal 283)
   defining Unicode char U+011C (decimal 284)
   defining Unicode char U+011D (decimal 285)
   defining Unicode char U+011E (decimal 286)
   defining Unicode char U+011F (decimal 287)
   defining Unicode char U+0120 (decimal 288)
   defining Unicode char U+0121 (decimal 289)
   defining Unicode char U+0122 (decimal 290)
   defining Unicode char U+0123 (decimal 291)
   defining Unicode char U+0124 (decimal 292)
   defining Unicode char U+0125 (decimal 293)
   defining Unicode char U+0128 (decimal 296)
   defining Unicode char U+0129 (decimal 297)
   defining Unicode char U+012A (decimal 298)
   defining Unicode char U+012B (decimal 299)
   defining Unicode char U+012C (decimal 300)
   defining Unicode char U+012D (decimal 301)
   defining Unicode char U+012E (decimal 302)
   defining Unicode char U+012F (decimal 303)
   defining Unicode char U+0130 (decimal 304)
   defining Unicode char U+0131 (decimal 305)
   defining Unicode char U+0132 (decimal 306)
   defining Unicode char U+0133 (decimal 307)
   defining Unicode char U+0134 (decimal 308)
   defining Unicode char U+0135 (decimal 309)
   defining Unicode char U+0136 (decimal 310)
   defining Unicode char U+0137 (decimal 311)
   defining Unicode char U+0139 (decimal 313)
   defining Unicode char U+013A (decimal 314)
   defining Unicode char U+013B (decimal 315)
   defining Unicode char U+013C (decimal 316)
   defining Unicode char U+013D (decimal 317)
   defining Unicode char U+013E (decimal 318)
   defining Unicode char U+0141 (decimal 321)
   defining Unicode char U+0142 (decimal 322)
   defining Unicode char U+0143 (decimal 323)
   defining Unicode char U+0144 (decimal 324)
   defining Unicode char U+0145 (decimal 325)
   defining Unicode char U+0146 (decimal 326)
   defining Unicode char U+0147 (decimal 327)
   defining Unicode char U+0148 (decimal 328)
   defining Unicode char U+014A (decimal 330)
   defining Unicode char U+014B (decimal 331)
   defining Unicode char U+014C (decimal 332)
   defining Unicode char U+014D (decimal 333)
   defining Unicode char U+014E (decimal 334)
   defining Unicode char U+014F (decimal 335)
   defining Unicode char U+0150 (decimal 336)
   defining Unicode char U+0151 (decimal 337)
   defining Unicode char U+0152 (decimal 338)
   defining Unicode char U+0153 (decimal 339)
   defining Unicode char U+0154 (decimal 340)
   defining Unicode char U+0155 (decimal 341)
   defining Unicode char U+0156 (decimal 342)
   defining Unicode char U+0157 (decimal 343)
   defining Unicode char U+0158 (decimal 344)
   defining Unicode char U+0159 (decimal 345)
   defining Unicode char U+015A (decimal 346)
   defining Unicode char U+015B (decimal 347)
   defining Unicode char U+015C (decimal 348)
   defining Unicode char U+015D (decimal 349)
   defining Unicode char U+015E (decimal 350)
   defining Unicode char U+015F (decimal 351)
   defining Unicode char U+0160 (decimal 352)
   defining Unicode char U+0161 (decimal 353)
   defining Unicode char U+0162 (decimal 354)
   defining Unicode char U+0163 (decimal 355)
   defining Unicode char U+0164 (decimal 356)
   defining Unicode char U+0165 (decimal 357)
   defining Unicode char U+0168 (decimal 360)
   defining Unicode char U+0169 (decimal 361)
   defining Unicode char U+016A (decimal 362)
   defining Unicode char U+016B (decimal 363)
   defining Unicode char U+016C (decimal 364)
   defining Unicode char U+016D (decimal 365)
   defining Unicode char U+016E (decimal 366)
   defining Unicode char U+016F (decimal 367)
   defining Unicode char U+0170 (decimal 368)
   defining Unicode char U+0171 (decimal 369)
   defining Unicode char U+0172 (decimal 370)
   defining Unicode char U+0173 (decimal 371)
   defining Unicode char U+0174 (decimal 372)
   defining Unicode char U+0175 (decimal 373)
   defining Unicode char U+0176 (decimal 374)
   defining Unicode char U+0177 (decimal 375)
   defining Unicode char U+0178 (decimal 376)
   defining Unicode char U+0179 (decimal 377)
   defining Unicode char U+017A (decimal 378)
   defining Unicode char U+017B (decimal 379)
   defining Unicode char U+017C (decimal 380)
   defining Unicode char U+017D (decimal 381)
   defining Unicode char U+017E (decimal 382)
   defining Unicode char U+01CD (decimal 461)
   defining Unicode char U+01CE (decimal 462)
   defining Unicode char U+01CF (decimal 463)
   defining Unicode char U+01D0 (decimal 464)
   defining Unicode char U+01D1 (decimal 465)
   defining Unicode char U+01D2 (decimal 466)
   defining Unicode char U+01D3 (decimal 467)
   defining Unicode char U+01D4 (decimal 468)
   defining Unicode char U+01E2 (decimal 482)
   defining Unicode char U+01E3 (decimal 483)
   defining Unicode char U+01E6 (decimal 486)
   defining Unicode char U+01E7 (decimal 487)
   defining Unicode char U+01E8 (decimal 488)
   defining Unicode char U+01E9 (decimal 489)
   defining Unicode char U+01EA (decimal 490)
   defining Unicode char U+01EB (decimal 491)
   defining Unicode char U+01F0 (decimal 496)
   defining Unicode char U+01F4 (decimal 500)
   defining Unicode char U+01F5 (decimal 501)
   defining Unicode char U+0218 (decimal 536)
   defining Unicode char U+0219 (decimal 537)
   defining Unicode char U+021A (decimal 538)
   defining Unicode char U+021B (decimal 539)
   defining Unicode char U+0232 (decimal 562)
   defining Unicode char U+0233 (decimal 563)
   defining Unicode char U+0237 (decimal 567)
   defining Unicode char U+02D9 (decimal 729)
   defining Unicode char U+02DB (decimal 731)
   defining Unicode char U+1E02 (decimal 7682)
   defining Unicode char U+1E03 (decimal 7683)
   defining Unicode char U+1E9E (decimal 7838)
   defining Unicode char U+200C (decimal 8204)
   defining Unicode char U+2010 (decimal 8208)
   defining Unicode char U+2011 (decimal 8209)
   defining Unicode char U+2012 (decimal 8210)
   defining Unicode char U+2013 (decimal 8211)
   defining Unicode char U+2014 (decimal 8212)
   defining Unicode char U+2015 (decimal 8213)
   defining Unicode char U+2018 (decimal 8216)
   defining Unicode char U+2019 (decimal 8217)
   defining Unicode char U+201A (decimal 8218)
   defining Unicode char U+201C (decimal 8220)
   defining Unicode char U+201D (decimal 8221)
   defining Unicode char U+201E (decimal 8222)
   defining Unicode char U+2030 (decimal 8240)
   defining Unicode char U+2031 (decimal 8241)
   defining Unicode char U+2039 (decimal 8249)
   defining Unicode char U+203A (decimal 8250)
   defining Unicode char U+2423 (decimal 9251)
   defining Unicode char U+1E20 (decimal 7712)
   defining Unicode char U+1E21 (decimal 7713)
   defining Unicode char U+FB00 (decimal 64256)
   defining Unicode char U+FB01 (decimal 64257)
   defining Unicode char U+FB02 (decimal 64258)
   defining Unicode char U+FB03 (decimal 64259)
   defining Unicode char U+FB04 (decimal 64260)
   defining Unicode char U+FB05 (decimal 64261)
   defining Unicode char U+FB06 (decimal 64262)
)
Now handling font encoding TS1 ...
... processing UTF-8 mapping file for font encoding TS1
 (/usr/share/texlive/texmf-dist/tex/latex/base/ts1enc.dfu
File: ts1enc.dfu 2019/11/14 v1.2k UTF-8 support for inputenc
   defining Unicode char U+00A2 (decimal 162)
   defining Unicode char U+00A3 (decimal 163)
   defining Unicode char U+00A4 (decimal 164)
   defining Unicode char U+00A5 (decimal 165)
   defining Unicode char U+00A6 (decimal 166)
   defining Unicode char U+00A7 (decimal 167)
   defining Unicode char U+00A8 (decimal 168)
   defining Unicode char U+00A9 (decimal 169)
   defining Unicode char U+00AA (decimal 170)
   defining Unicode char U+00AC (decimal 172)
   defining Unicode char U+00AE (decimal 174)
   defining Unicode char U+00AF (decimal 175)
   defining Unicode char U+00B0 (decimal 176)
   defining Unicode char U+00B1 (decimal 177)
   defining Unicode char U+00B2 (decimal 178)
   defining Unicode char U+00B3 (decimal 179)
   defining Unicode char U+00B4 (decimal 180)
   defining Unicode char U+00B5 (decimal 181)
   defining Unicode char U+00B6 (decimal 182)
   defining Unicode char U+00B7 (decimal 183)
   defining Unicode char U+00B9 (decimal 185)
   defining Unicode char U+00BA (decimal 186)
   defining Unicode char U+00BC (decimal 188)
   defining Unicode char U+00BD (decimal 189)
   defining Unicode char U+00BE (decimal 190)
   defining Unicode char U+00D7 (decimal 215)
   defining Unicode char U+00F7 (decimal 247)
   defining Unicode char U+0192 (decimal 402)
   defining Unicode char U+02C7 (decimal 711)
   defining Unicode char U+02D8 (decimal 728)
   defining Unicode char U+02DD (decimal 733)
   defining Unicode char U+0E3F (decimal 3647)
   defining Unicode char U+2016 (decimal 8214)
   defining Unicode char U+2020 (decimal 8224)
   defining Unicode char U+2021 (decimal 8225)
   defining Unicode char U+2022 (decimal 8226)
   defining Unicode char U+2030 (decimal 8240)
   defining Unicode char U+2031 (decimal 8241)
   defining Unicode char U+203B (decimal 8251)
   defining Unicode char U+203D (decimal 8253)
   defining Unicode char U+2044 (decimal 8260)
   defining Unicode char U+204E (decimal 8270)
   defining Unicode char U+2052 (decimal 8274)
   defining Unicode char U+20A1 (decimal 8353)
   defining Unicode char U+20A4 (decimal 8356)
   defining Unicode char U+20A6 (decimal 8358)
   defining Unicode char U+20A9 (decimal 8361)
   defining Unicode char U+20AB (decimal 8363)
   defining Unicode char U+20AC (decimal 8364)
   defining Unicode char U+20B1 (decimal 8369)
   defining Unicode char U+2103 (decimal 8451)
   defining Unicode char U+2116 (decimal 8470)
   defining Unicode char U+2117 (decimal 8471)
   defining Unicode char U+211E (decimal 8478)
   defining Unicode char U+2120 (decimal 8480)
   defining Unicode char U+2122 (decimal 8482)
   defining Unicode char U+2126 (decimal 8486)
   defining Unicode char U+2127 (decimal 8487)
   defining Unicode char U+212E (decimal 8494)
   defining Unicode char U+2190 (decimal 8592)
   defining Unicode char U+2191 (decimal 8593)
   defining Unicode char U+2192 (decimal 8594)
   defining Unicode char U+2193 (decimal 8595)
   defining Unicode char U+2329 (decimal 9001)
   defining Unicode char U+232A (decimal 9002)
   defining Unicode char U+2422 (decimal 9250)
   defining Unicode char U+25E6 (decimal 9702)
   defining Unicode char U+25EF (decimal 9711)
   defining Unicode char U+266A (decimal 9834)
   defining Unicode char U+27E8 (decimal 10216)
   defining Unicode char U+27E9 (decimal 10217)
   defining Unicode char U+FEFF (decimal 65279)
)
Now handling font encoding OMX ...
... no UTF-8 mapping file for font encoding OMX
Now handling font encoding U ...
... no UTF-8 mapping file for font encoding U
   defining Unicode char U+00A9 (decimal 169)
   defining Unicode char U+00AA (decimal 170)
   defining Unicode char U+00AE (decimal 174)
   defining Unicode char U+00BA (decimal 186)
   defining Unicode char U+02C6 (decimal 710)
   defining Unicode char U+02DC (decimal 732)
   defining Unicode char U+200C (decimal 8204)
   defining Unicode char U+2026 (decimal 8230)
   defining Unicode char U+2122 (decimal 8482)
   defining Unicode char U+2423 (decimal 9251)
   defining Unicode char U+FEFF (decimal 65279)
)) (/usr/share/texlive/texmf-dist/tex/latex/base/fontenc.sty
Package: fontenc 2020/02/11 v2.0o Standard LaTeX package
) (/usr/share/texlive/texmf-dist/tex/latex/colortbl/colortbl.sty
Package: colortbl 2020/01/04 v1.0e Color table columns (DPC)
 (/usr/share/texlive/texmf-dist/tex/latex/tools/array.sty
Package: array 2019/08/31 v2.4l Tabular extension package (FMi)
\col@sep=\dimen146
\ar@mcellbox=\box47
\extrarowheight=\dimen147
\NC@list=\toks22
\extratabsurround=\skip61
\backup@length=\skip62
\ar@cellbox=\box48
)
\everycr=\toks23
\minrowclearance=\skip63
) (/usr/share/texlive/texmf-dist/tex/latex/booktabs/booktabs.sty
Package: booktabs 2020/01/12 v1.61803398 Publication quality tables
\heavyrulewidth=\dimen148
\lightrulewidth=\dimen149
\cmidrulewidth=\dimen150
\belowrulesep=\dimen151
\belowbottomsep=\dimen152
\aboverulesep=\dimen153
\abovetopsep=\dimen154
\cmidrulesep=\dimen155
\cmidrulekern=\dimen156
\defaultaddspace=\dimen157
\@cmidla=\count187
\@cmidlb=\count188
\@aboverulesep=\dimen158
\@belowrulesep=\dimen159
\@thisruleclass=\count189
\@lastruleclass=\count190
\@thisrulewidth=\dimen160
) (/usr/share/texlive/texmf-dist/tex/latex/ctable/ctable.sty
Package: ctable 2015/10/17 v1.31 ctable package for flexible typesetting of table and figure floats using key/value directives
 (/usr/share/texlive/texmf-dist/tex/generic/iftex/ifpdf.sty
Package: ifpdf 2019/10/25 v3.4 ifpdf legacy package. Use iftex instead.
 (/usr/share/texlive/texmf-dist/tex/generic/iftex/iftex.sty
Package: iftex 2019/11/07 v1.0c TeX engine tests
)) (/usr/share/texlive/texmf-dist/tex/latex/etoolbox/etoolbox.sty
Package: etoolbox 2019/09/21 v2.5h e-TeX tools for LaTeX (JAW)
\etb@tempcnta=\count191
) (/usr/share/texlive/texmf-dist/tex/latex/xcolor/xcolor.sty
Package: xcolor 2016/05/11 v2.12 LaTeX color extensions (UK)
 (/usr/share/texlive/texmf-dist/tex/latex/graphics-cfg/color.cfg
File: color.cfg 2016/01/02 v1.6 sample color configuration
)
Package xcolor Info: Driver file: pdftex.def on input line 225.
LaTeX Info: Redefining \color on input line 709.
Package xcolor Info: Model `cmy' substituted by `cmy0' on input line 1348.
Package xcolor Info: Model `hsb' substituted by `rgb' on input line 1352.
Package xcolor Info: Model `RGB' extended on input line 1364.
Package xcolor Info: Model `HTML' substituted by `rgb' on input line 1366.
Package xcolor Info: Model `Hsb' substituted by `hsb' on input line 1367.
Package xcolor Info: Model `tHsb' substituted by `hsb' on input line 1368.
Package xcolor Info: Model `HSB' substituted by `hsb' on input line 1369.
Package xcolor Info: Model `Gray' substituted by `gray' on input line 1370.
Package xcolor Info: Model `wave' substituted by `hsb' on input line 1371.
) (/usr/share/texlive/texmf-dist/tex/latex/xkeyval/xkeyval.sty
Package: xkeyval 2014/12/03 v2.7a package option processing (HA)
 (/usr/share/texlive/texmf-dist/tex/generic/xkeyval/xkeyval.tex (/usr/share/texlive/texmf-dist/tex/generic/xkeyval/xkvutils.tex
\XKV@toks=\toks24
\XKV@tempa@toks=\toks25
)
\XKV@depth=\count192
File: xkeyval.tex 2014/12/03 v2.7a key=value parser (HA)
)) (/usr/share/texlive/texmf-dist/tex/latex/tools/tabularx.sty
Package: tabularx 2020/01/15 v2.11c `tabularx' package (DPC)
\TX@col@width=\dimen161
\TX@old@table=\dimen162
\TX@old@col=\dimen163
\TX@target=\dimen164
\TX@delta=\dimen165
\TX@cols=\count193
\TX@ftn=\toks26
) (/usr/share/texlive/texmf-dist/tex/latex/graphics/rotating.sty
Package: rotating 2016/08/11 v2.16d rotated objects in LaTeX
 (/usr/share/texlive/texmf-dist/tex/latex/base/ifthen.sty
Package: ifthen 2014/09/29 v1.1c Standard LaTeX ifthen package (DPC)
)
\c@r@tfl@t=\count194
\rotFPtop=\skip64
\rotFPbot=\skip65
\rot@float@box=\box49
\rot@mess@toks=\toks27
) (/usr/share/texlive/texmf-dist/tex/latex/transparent/transparent.sty
Package: transparent 2019/11/29 v1.4 Transparency via pdfTeX's color stack (HO)
 (/usr/share/texlive/texmf-dist/tex/latex/auxhook/auxhook.sty
Package: auxhook 2019-12-17 v1.6 Hooks for auxiliary files (HO)
))
\@CTframesep=\dimen166
\@dfltCTframesep=\dimen167
\@CTframerule=\dimen168
\@dfltCTframerule=\dimen169
\@CTwidth=\dimen170
\@dfltCTwidth=\dimen171
\@CTcaptionskip=\dimen172
\@dfltCTcaptionskip=\dimen173
\@CTmaxwidth=\dimen174
\@dfltCTmaxwidth=\dimen175
\@CTmincapwidth=\dimen176
\@dfltCTmincapwidth=\dimen177
\@CTfooterwidth=\dimen178
\@dfltCTfooterwidth=\dimen179
\@CTw=\dimen180
\@CTfloatwidth=\dimen181
\@CToldsep=\dimen182
\@CToldrule=\dimen183
\CT@t=\box50
\@CTcurftwidth=\dimen184
) (/usr/share/texlive/texmf-dist/tex/latex/grffile/grffile.sty
Package: grffile 2019/11/11 v2.1 Extended file name support for graphics (legacy)
Package grffile Info: This package is an empty stub for compatibility on input line 40.
) (/usr/share/texlive/texmf-dist/tex/latex/pdfpages/pdfpages.sty
Package: pdfpages 2020/01/28 v0.5q Insert pages of external PDF documents (AM)
 (/usr/share/texlive/texmf-dist/tex/latex/tools/calc.sty
Package: calc 2017/05/25 v4.3 Infix arithmetic (KKT,FJ)
\calc@Acount=\count195
\calc@Bcount=\count196
\calc@Adimen=\dimen185
\calc@Bdimen=\dimen186
\calc@Askip=\skip66
\calc@Bskip=\skip67
LaTeX Info: Redefining \setlength on input line 80.
LaTeX Info: Redefining \addtolength on input line 81.
\calc@Ccount=\count197
\calc@Cskip=\skip68
) (/usr/share/texlive/texmf-dist/tex/latex/eso-pic/eso-pic.sty
Package: eso-pic 2018/04/12 v2.0h eso-pic (RN)
 (/usr/share/texlive/texmf-dist/tex/generic/atbegshi/atbegshi.sty
Package: atbegshi 2019/12/05 v1.19 At begin shipout hook (HO)
 (/usr/share/texlive/texmf-dist/tex/generic/infwarerr/infwarerr.sty
Package: infwarerr 2019/12/03 v1.5 Providing info/warning/error messages (HO)
) (/usr/share/texlive/texmf-dist/tex/generic/ltxcmds/ltxcmds.sty
Package: ltxcmds 2019/12/15 v1.24 LaTeX kernel commands for general use (HO)
)))
\AM@pagewidth=\dimen187
\AM@pageheight=\dimen188
 (/usr/share/texlive/texmf-dist/tex/latex/pdfpages/pppdftex.def
File: pppdftex.def 2020/01/28 v0.5q Pdfpages driver for pdfTeX (AM)
)
\AM@pagebox=\box51
\AM@global@opts=\toks28
\AM@pagecnt=\count198
\AM@toc@title=\toks29
\c@AM@survey=\count199
\AM@templatesizebox=\box52
) (/usr/share/texlive/texmf-dist/tex/latex/titlesec/titlesec.sty
Package: titlesec 2019/10/16 v2.13 Sectioning titles
\ttl@box=\box53
\beforetitleunit=\skip69
\aftertitleunit=\skip70
\ttl@plus=\dimen189
\ttl@minus=\dimen190
\ttl@toksa=\toks30
\titlewidth=\dimen191
\titlewidthlast=\dimen192
\titlewidthfirst=\dimen193
) (/usr/share/texlive/texmf-dist/tex/latex/appendix/appendix.sty
Package: appendix 2020/02/08 v1.2c extra appendix facilities
\c@@pps=\count266
\c@@ppsavesec=\count267
\c@@ppsaveapp=\count268
) (/usr/share/texlive/texmf-dist/tex/latex/hyperref/hyperref.sty
Package: hyperref 2020/01/14 v7.00d Hypertext links for LaTeX
 (/usr/share/texlive/texmf-dist/tex/latex/pdftexcmds/pdftexcmds.sty
Package: pdftexcmds 2019/11/24 v0.31 Utility functions of pdfTeX for LuaTeX (HO)
Package pdftexcmds Info: \pdf@primitive is available.
Package pdftexcmds Info: \pdf@ifprimitive is available.
Package pdftexcmds Info: \pdfdraftmode found.
) (/usr/share/texlive/texmf-dist/tex/generic/kvsetkeys/kvsetkeys.sty
Package: kvsetkeys 2019/12/15 v1.18 Key value parser (HO)
) (/usr/share/texlive/texmf-dist/tex/generic/kvdefinekeys/kvdefinekeys.sty
Package: kvdefinekeys 2019-12-19 v1.6 Define keys (HO)
) (/usr/share/texlive/texmf-dist/tex/generic/pdfescape/pdfescape.sty
Package: pdfescape 2019/12/09 v1.15 Implements pdfTeX's escape features (HO)
) (/usr/share/texlive/texmf-dist/tex/latex/hycolor/hycolor.sty
Package: hycolor 2020-01-27 v1.10 Color options for hyperref/bookmark (HO)
) (/usr/share/texlive/texmf-dist/tex/latex/letltxmacro/letltxmacro.sty
Package: letltxmacro 2019/12/03 v1.6 Let assignment for LaTeX macros (HO)
) (/usr/share/texlive/texmf-dist/tex/latex/kvoptions/kvoptions.sty
Package: kvoptions 2019/11/29 v3.13 Key value format for package options (HO)
)
\@linkdim=\dimen194
\Hy@linkcounter=\count269
\Hy@pagecounter=\count270
 (/usr/share/texlive/texmf-dist/tex/latex/hyperref/pd1enc.def
File: pd1enc.def 2020/01/14 v7.00d Hyperref: PDFDocEncoding definition (HO)
Now handling font encoding PD1 ...
... no UTF-8 mapping file for font encoding PD1
) (/usr/share/texlive/texmf-dist/tex/generic/intcalc/intcalc.sty
Package: intcalc 2019/12/15 v1.3 Expandable calculations with integers (HO)
) (/usr/share/texlive/texmf-dist/tex/generic/etexcmds/etexcmds.sty
Package: etexcmds 2019/12/15 v1.7 Avoid name clashes with e-TeX commands (HO)
)
\Hy@SavedSpaceFactor=\count271
\pdfmajorversion=\count272
Package hyperref Info: Option `bookmarks' set `true' on input line 4421.
Package hyperref Info: Option `colorlinks' set `true' on input line 4421.
Package hyperref Info: Option `pdfpagelabels' set `true' on input line 4421.
Package hyperref Info: Hyper figures OFF on input line 4547.
Package hyperref Info: Link nesting OFF on input line 4552.
Package hyperref Info: Hyper index ON on input line 4555.
Package hyperref Info: Plain pages OFF on input line 4562.
Package hyperref Info: Backreferencing OFF on input line 4567.
Package hyperref Info: Implicit mode ON; LaTeX internals redefined.
Package hyperref Info: Bookmarks ON on input line 4800.
\c@Hy@tempcnt=\count273
LaTeX Info: Redefining \url on input line 5159.
\XeTeXLinkMargin=\dimen195
 (/usr/share/texlive/texmf-dist/tex/generic/bitset/bitset.sty
Package: bitset 2019/12/09 v1.3 Handle bit-vector datatype (HO)
 (/usr/share/texlive/texmf-dist/tex/generic/bigintcalc/bigintcalc.sty
Package: bigintcalc 2019/12/15 v1.5 Expandable calculations on big integers (HO)
))
\Fld@menulength=\count274
\Field@Width=\dimen196
\Fld@charsize=\dimen197
Package hyperref Info: Hyper figures OFF on input line 6430.
Package hyperref Info: Link nesting OFF on input line 6435.
Package hyperref Info: Hyper index ON on input line 6438.
Package hyperref Info: backreferencing OFF on input line 6445.
Package hyperref Info: Link coloring ON on input line 6448.
Package hyperref Info: Link coloring with OCG OFF on input line 6455.
Package hyperref Info: PDF/A mode OFF on input line 6460.
LaTeX Info: Redefining \ref on input line 6500.
LaTeX Info: Redefining \pageref on input line 6504.
\Hy@abspage=\count275
\c@Item=\count276
\c@Hfootnote=\count277
)
Package hyperref Info: Driver (autodetected): hpdftex.
 (/usr/share/texlive/texmf-dist/tex/latex/hyperref/hpdftex.def
File: hpdftex.def 2020/01/14 v7.00d Hyperref driver for pdfTeX
 (/usr/share/texlive/texmf-dist/tex/latex/atveryend/atveryend.sty
Package: atveryend 2019-12-11 v1.11 Hooks at the very end of document (HO)
)
\Fld@listcount=\count278
\c@bookmark@seq@number=\count279
 (/usr/share/texlive/texmf-dist/tex/latex/rerunfilecheck/rerunfilecheck.sty
Package: rerunfilecheck 2019/12/05 v1.9 Rerun checks for auxiliary files (HO)
 (/usr/share/texlive/texmf-dist/tex/generic/uniquecounter/uniquecounter.sty
Package: uniquecounter 2019/12/15 v1.4 Provide unlimited unique counter (HO)
)
Package uniquecounter Info: New unique counter `rerunfilecheck' on input line 286.
)
\Hy@SectionHShift=\skip71
)
\c@document=\count280
 (/usr/share/texlive/texmf-dist/tex/latex/l3backend/l3backend-pdfmode.def
File: l3backend-pdfmode.def 2020-02-03 L3 backend support: PDF mode
\l__kernel_color_stack_int=\count281
\l__pdf_internal_box=\box54
) (./memorial_amp.aux (./appendices.aux))
\openout1 = `memorial_amp.aux'.

LaTeX Font Info:    Checking defaults for OML/cmm/m/it on input line 124.
LaTeX Font Info:    ... okay on input line 124.
LaTeX Font Info:    Checking defaults for OMS/cmsy/m/n on input line 124.
LaTeX Font Info:    ... okay on input line 124.
LaTeX Font Info:    Checking defaults for OT1/cmr/m/n on input line 124.
LaTeX Font Info:    ... okay on input line 124.
LaTeX Font Info:    Checking defaults for T1/cmr/m/n on input line 124.
LaTeX Font Info:    ... okay on input line 124.
LaTeX Font Info:    Checking defaults for TS1/cmr/m/n on input line 124.
LaTeX Font Info:    ... okay on input line 124.
LaTeX Font Info:    Checking defaults for OMX/cmex/m/n on input line 124.
LaTeX Font Info:    ... okay on input line 124.
LaTeX Font Info:    Checking defaults for U/cmr/m/n on input line 124.
LaTeX Font Info:    ... okay on input line 124.
LaTeX Font Info:    Checking defaults for PD1/pdf/m/n on input line 124.
LaTeX Font Info:    ... okay on input line 124.
 (/usr/share/texlive/texmf-dist/tex/context/base/mkii/supp-pdf.mkii
[Loading MPS to PDF converter (version 2006.09.02).]
\scratchcounter=\count282
\scratchdimen=\dimen198
\scratchbox=\box55
\nofMPsegments=\count283
\nofMParguments=\count284
\everyMPshowfont=\toks31
\MPscratchCnt=\count285
\MPscratchDim=\dimen199
\MPnumerator=\count286
\makeMPintoPDFobject=\count287
\everyMPtoPDFconversion=\toks32
) (/usr/share/texlive/texmf-dist/tex/latex/epstopdf-pkg/epstopdf-base.sty
Package: epstopdf-base 2020-01-24 v2.11 Base part for package epstopdf
Package epstopdf-base Info: Redefining graphics rule for `.eps' on input line 485.
 (/usr/share/texlive/texmf-dist/tex/latex/latexconfig/epstopdf-sys.cfg
File: epstopdf-sys.cfg 2010/07/13 v1.3 Configuration of (r)epstopdf for TeX Live
))
Configuring pdfsync
\PDFSYNC@ut=\write3
\openout3 = `memorial_amp.pdfsync'.

\PDFSYNCf@li@=\count288
\PDFSYNC@rder=\count289
**** pdfsync.sty: Synchronizing at \everypar
\PDFSYNCeveryp@r=\toks33
**** pdfsync.sty: Synchronizing at \everymath
\PDFSYNCeverym@th=\toks34
**** pdfsync.sty: Synchronizing at \everyhbox
\PDFSYNCeveryhb@x=\toks35
**** pdfsync.sty: Synchronizing at \everyvbox
\PDFSYNCeveryvb@x=\toks36
**** pdfsync.sty: started
\AtBeginShipoutBox=\box56
 (/usr/share/texlive/texmf-dist/tex/latex/pdflscape/pdflscape.sty
Package: pdflscape 2019/12/05 v0.12 Display of landscape pages in PDF (HO)
 (/usr/share/texlive/texmf-dist/tex/latex/graphics/lscape.sty
Package: lscape 2000/10/22 v3.01 Landscape Pages (DPC)
)
Package pdflscape Info: Auto-detected driver: pdftex on input line 81.
)
Package hyperref Info: Link coloring ON on input line 124.
 (/usr/share/texlive/texmf-dist/tex/latex/hyperref/nameref.sty
Package: nameref 2019/09/16 v2.46 Cross-referencing by name of section
 (/usr/share/texlive/texmf-dist/tex/latex/refcount/refcount.sty
Package: refcount 2019/12/15 v3.6 Data extraction from label references (HO)
) (/usr/share/texlive/texmf-dist/tex/generic/gettitlestring/gettitlestring.sty
Package: gettitlestring 2019/12/15 v1.6 Cleanup title references (HO)
)
\c@section@level=\count290
)
LaTeX Info: Redefining \ref on input line 124.
LaTeX Info: Redefining \pageref on input line 124.
LaTeX Info: Redefining \nameref on input line 124.
 (./memorial_amp.out) (./memorial_amp.out)
\@outlinefile=\write4
\openout4 = `memorial_amp.out'.

<Figuras/ifgw.jpg, id=139, 690.32906pt x 359.84438pt>
File: Figuras/ifgw.jpg Graphic file (type jpg)
<use Figuras/ifgw.jpg>
Package pdftex.def Info: Figuras/ifgw.jpg  used on input line 131.
(pdftex.def)             Requested size: 364.19664pt x 189.84357pt.
LaTeX Font Info:    Trying to load font information for T1+cmss on input line 139.
 (/usr/share/texlive/texmf-dist/tex/latex/base/t1cmss.fd
File: t1cmss.fd 2019/12/16 v2.5j Standard LaTeX font definitions
) [1

{/var/lib/texmf/fonts/map/pdftex/updmap/pdftex.map} <./Figuras/ifgw.jpg>] (./memorial_amp.toc
LaTeX Font Info:    Trying to load font information for U+msa on input line 5.
 (/usr/share/texlive/texmf-dist/tex/latex/amsfonts/umsa.fd
File: umsa.fd 2013/01/14 v3.01 AMS symbols A
)
LaTeX Font Info:    Trying to load font information for U+msb on input line 5.
 (/usr/share/texlive/texmf-dist/tex/latex/amsfonts/umsb.fd
File: umsb.fd 2013/01/14 v3.01 AMS symbols B
))
\tf@toc=\write5
\openout5 = `memorial_amp.toc'.

pdfTeX warning (ext4): destination with the same identifier (name{page.1}) has been already used, duplicate ignored
<to be read again> 
                   \relax 
l.168 \newpage
               [1] [2] [3] [4]
Underfull \hbox (badness 10000) in paragraph at lines 227--228

 []

LaTeX Font Info:    Trying to load font information for T1+cmtt on input line 242.
(/usr/share/texlive/texmf-dist/tex/latex/base/t1cmtt.fd
File: t1cmtt.fd 2019/12/16 v2.5j Standard LaTeX font definitions
)
Underfull \hbox (badness 10000) in paragraph at lines 253--254

 []

[5]
Underfull \hbox (badness 10000) in paragraph at lines 273--274

 []

[6]
Underfull \hbox (badness 1389) in paragraph at lines 345--346
[][][]\T1/cmr/m/n/12 Silva, P.H.R.; Paschoal, A.M.; Secchi-natto, K.F. ; Zotin, M.C.Z.; San-tos,
 []


Underfull \hbox (badness 1014) in paragraph at lines 365--368
[][][]\T1/cmr/bx/n/12 Congresso: \T1/cmr/m/n/12 Jor-nada Paulista de Ra-di-olo-gia 2022. \T1/cmr/bx/n/12 Palestra: \T1/cmr/m/n/12 En-ten-dendo
 []


Underfull \hbox (badness 2012) in paragraph at lines 376--377
[][][]\T1/cmr/m/n/12 PASCHOAL, An-dré Mon-teiro. Otimiza-ção do con-traste em Ar-te-rial Spin
 []


Underfull \hbox (badness 2173) in paragraph at lines 376--377
\T1/cmr/m/n/12 La-bel-ing mul-ti-fase. 2015. Dis-ser-tação (Mestrado em Física Apli-cada) -
 []

[7] [8]
Underfull \hbox (badness 10000) in paragraph at lines 413--418

 []


Underfull \hbox (badness 10000) in paragraph at lines 429--432

 []

[9] [10

]
\openout2 = `appendices.aux'.

 (./appendices.tex
<Diplomas/Comprovante_Fake.pdf, id=278, 845.04686pt x 597.50786pt>
File: Diplomas/Comprovante_Fake.pdf Graphic file (type pdf)
<use Diplomas/Comprovante_Fake.pdf>
Package pdftex.def Info: Diplomas/Comprovante_Fake.pdf  used on input line 13.
(pdftex.def)             Requested size: 845.0448pt x 597.5064pt.
File: Diplomas/Comprovante_Fake.pdf Graphic file (type pdf)
<use Diplomas/Comprovante_Fake.pdf>
Package pdftex.def Info: Diplomas/Comprovante_Fake.pdf  used on input line 13.
(pdftex.def)             Requested size: 845.0448pt x 597.5064pt.
<Diplomas/Comprovante_Fake.pdf, id=281, page=1, 845.04686pt x 597.50786pt>
File: Diplomas/Comprovante_Fake.pdf Graphic file (type pdf)
<use Diplomas/Comprovante_Fake.pdf, page 1>
Package pdftex.def Info: Diplomas/Comprovante_Fake.pdf , page1 used on input line 13.
(pdftex.def)             Requested size: 845.0448pt x 597.5064pt.
File: Diplomas/Comprovante_Fake.pdf Graphic file (type pdf)
<use Diplomas/Comprovante_Fake.pdf, page 1>
Package pdftex.def Info: Diplomas/Comprovante_Fake.pdf , page1 used on input line 13.
(pdftex.def)             Requested size: 845.0448pt x 597.5064pt.
 [11

]
File: Diplomas/Comprovante_Fake.pdf Graphic file (type pdf)
<use Diplomas/Comprovante_Fake.pdf, page 1>
Package pdftex.def Info: Diplomas/Comprovante_Fake.pdf , page1 used on input line 13.
(pdftex.def)             Requested size: 845.0448pt x 597.5064pt.
File: Diplomas/Comprovante_Fake.pdf Graphic file (type pdf)
<use Diplomas/Comprovante_Fake.pdf, page 1>
Package pdftex.def Info: Diplomas/Comprovante_Fake.pdf , page1 used on input line 13.
(pdftex.def)             Requested size: 845.0448pt x 597.5064pt.
File: Diplomas/Comprovante_Fake.pdf Graphic file (type pdf)
<use Diplomas/Comprovante_Fake.pdf, page 1>
Package pdftex.def Info: Diplomas/Comprovante_Fake.pdf , page1 used on input line 13.
(pdftex.def)             Requested size: 845.0448pt x 597.5064pt.
 [12 <./Diplomas/Comprovante_Fake.pdf>]
Underfull \hbox (badness 1859) in paragraph at lines 17--17
[][][][]|[]\T1/cmr/bx/n/12 Atestado de es-tá-gio de ini-ci-ação cien-tí-fica no Lab-o-ratório XXXX,
 []

File: Diplomas/Comprovante_Fake.pdf Graphic file (type pdf)
<use Diplomas/Comprovante_Fake.pdf>
Package pdftex.def Info: Diplomas/Comprovante_Fake.pdf  used on input line 22.
(pdftex.def)             Requested size: 845.0448pt x 597.5064pt.
File: Diplomas/Comprovante_Fake.pdf Graphic file (type pdf)
<use Diplomas/Comprovante_Fake.pdf>
Package pdftex.def Info: Diplomas/Comprovante_Fake.pdf  used on input line 22.
(pdftex.def)             Requested size: 845.0448pt x 597.5064pt.
File: Diplomas/Comprovante_Fake.pdf Graphic file (type pdf)
<use Diplomas/Comprovante_Fake.pdf, page 1>
Package pdftex.def Info: Diplomas/Comprovante_Fake.pdf , page1 used on input line 22.
(pdftex.def)             Requested size: 845.0448pt x 597.5064pt.
File: Diplomas/Comprovante_Fake.pdf Graphic file (type pdf)
<use Diplomas/Comprovante_Fake.pdf, page 1>
Package pdftex.def Info: Diplomas/Comprovante_Fake.pdf , page1 used on input line 22.
(pdftex.def)             Requested size: 845.0448pt x 597.5064pt.
[13]
File: Diplomas/Comprovante_Fake.pdf Graphic file (type pdf)
<use Diplomas/Comprovante_Fake.pdf, page 1>
Package pdftex.def Info: Diplomas/Comprovante_Fake.pdf , page1 used on input line 22.
(pdftex.def)             Requested size: 845.0448pt x 597.5064pt.
File: Diplomas/Comprovante_Fake.pdf Graphic file (type pdf)
<use Diplomas/Comprovante_Fake.pdf, page 1>
Package pdftex.def Info: Diplomas/Comprovante_Fake.pdf , page1 used on input line 22.
(pdftex.def)             Requested size: 845.0448pt x 597.5064pt.
File: Diplomas/Comprovante_Fake.pdf Graphic file (type pdf)
<use Diplomas/Comprovante_Fake.pdf, page 1>
Package pdftex.def Info: Diplomas/Comprovante_Fake.pdf , page1 used on input line 22.
(pdftex.def)             Requested size: 845.0448pt x 597.5064pt.
 [14]
File: Diplomas/Comprovante_Fake.pdf Graphic file (type pdf)
<use Diplomas/Comprovante_Fake.pdf>
Package pdftex.def Info: Diplomas/Comprovante_Fake.pdf  used on input line 28.
(pdftex.def)             Requested size: 845.0448pt x 597.5064pt.
File: Diplomas/Comprovante_Fake.pdf Graphic file (type pdf)
<use Diplomas/Comprovante_Fake.pdf>
Package pdftex.def Info: Diplomas/Comprovante_Fake.pdf  used on input line 28.
(pdftex.def)             Requested size: 845.0448pt x 597.5064pt.
File: Diplomas/Comprovante_Fake.pdf Graphic file (type pdf)
<use Diplomas/Comprovante_Fake.pdf, page 1>
Package pdftex.def Info: Diplomas/Comprovante_Fake.pdf , page1 used on input line 28.
(pdftex.def)             Requested size: 845.0448pt x 597.5064pt.
File: Diplomas/Comprovante_Fake.pdf Graphic file (type pdf)
<use Diplomas/Comprovante_Fake.pdf, page 1>
Package pdftex.def Info: Diplomas/Comprovante_Fake.pdf , page1 used on input line 28.
(pdftex.def)             Requested size: 845.0448pt x 597.5064pt.
 [15]
File: Diplomas/Comprovante_Fake.pdf Graphic file (type pdf)
<use Diplomas/Comprovante_Fake.pdf, page 1>
Package pdftex.def Info: Diplomas/Comprovante_Fake.pdf , page1 used on input line 28.
(pdftex.def)             Requested size: 845.0448pt x 597.5064pt.
File: Diplomas/Comprovante_Fake.pdf Graphic file (type pdf)
<use Diplomas/Comprovante_Fake.pdf, page 1>
Package pdftex.def Info: Diplomas/Comprovante_Fake.pdf , page1 used on input line 28.
(pdftex.def)             Requested size: 845.0448pt x 597.5064pt.
File: Diplomas/Comprovante_Fake.pdf Graphic file (type pdf)
<use Diplomas/Comprovante_Fake.pdf, page 1>
Package pdftex.def Info: Diplomas/Comprovante_Fake.pdf , page1 used on input line 28.
(pdftex.def)             Requested size: 845.0448pt x 597.5064pt.
 [16]
File: Diplomas/Comprovante_Fake.pdf Graphic file (type pdf)
<use Diplomas/Comprovante_Fake.pdf>
Package pdftex.def Info: Diplomas/Comprovante_Fake.pdf  used on input line 38.
(pdftex.def)             Requested size: 845.0448pt x 597.5064pt.
File: Diplomas/Comprovante_Fake.pdf Graphic file (type pdf)
<use Diplomas/Comprovante_Fake.pdf>
Package pdftex.def Info: Diplomas/Comprovante_Fake.pdf  used on input line 38.
(pdftex.def)             Requested size: 845.0448pt x 597.5064pt.
File: Diplomas/Comprovante_Fake.pdf Graphic file (type pdf)
<use Diplomas/Comprovante_Fake.pdf, page 1>
Package pdftex.def Info: Diplomas/Comprovante_Fake.pdf , page1 used on input line 38.
(pdftex.def)             Requested size: 845.0448pt x 597.5064pt.
File: Diplomas/Comprovante_Fake.pdf Graphic file (type pdf)
<use Diplomas/Comprovante_Fake.pdf, page 1>
Package pdftex.def Info: Diplomas/Comprovante_Fake.pdf , page1 used on input line 38.
(pdftex.def)             Requested size: 845.0448pt x 597.5064pt.
 [17]
File: Diplomas/Comprovante_Fake.pdf Graphic file (type pdf)
<use Diplomas/Comprovante_Fake.pdf, page 1>
Package pdftex.def Info: Diplomas/Comprovante_Fake.pdf , page1 used on input line 38.
(pdftex.def)             Requested size: 845.0448pt x 597.5064pt.
File: Diplomas/Comprovante_Fake.pdf Graphic file (type pdf)
<use Diplomas/Comprovante_Fake.pdf, page 1>
Package pdftex.def Info: Diplomas/Comprovante_Fake.pdf , page1 used on input line 38.
(pdftex.def)             Requested size: 845.0448pt x 597.5064pt.
File: Diplomas/Comprovante_Fake.pdf Graphic file (type pdf)
<use Diplomas/Comprovante_Fake.pdf, page 1>
Package pdftex.def Info: Diplomas/Comprovante_Fake.pdf , page1 used on input line 38.
(pdftex.def)             Requested size: 845.0448pt x 597.5064pt.
 [18]
File: Diplomas/Comprovante_Fake.pdf Graphic file (type pdf)
<use Diplomas/Comprovante_Fake.pdf>
Package pdftex.def Info: Diplomas/Comprovante_Fake.pdf  used on input line 46.
(pdftex.def)             Requested size: 845.0448pt x 597.5064pt.
File: Diplomas/Comprovante_Fake.pdf Graphic file (type pdf)
<use Diplomas/Comprovante_Fake.pdf>
Package pdftex.def Info: Diplomas/Comprovante_Fake.pdf  used on input line 46.
(pdftex.def)             Requested size: 845.0448pt x 597.5064pt.
File: Diplomas/Comprovante_Fake.pdf Graphic file (type pdf)
<use Diplomas/Comprovante_Fake.pdf, page 1>
Package pdftex.def Info: Diplomas/Comprovante_Fake.pdf , page1 used on input line 46.
(pdftex.def)             Requested size: 845.0448pt x 597.5064pt.
File: Diplomas/Comprovante_Fake.pdf Graphic file (type pdf)
<use Diplomas/Comprovante_Fake.pdf, page 1>
Package pdftex.def Info: Diplomas/Comprovante_Fake.pdf , page1 used on input line 46.
(pdftex.def)             Requested size: 845.0448pt x 597.5064pt.

Underfull \hbox (badness 2269) in paragraph at lines 45--46
[][][]\T1/cmr/m/n/12 Esta sub-seção ap-re-senta o com-pro-vante de con-cessão da bolsa de mestrado
 []

[19]
File: Diplomas/Comprovante_Fake.pdf Graphic file (type pdf)
<use Diplomas/Comprovante_Fake.pdf, page 1>
Package pdftex.def Info: Diplomas/Comprovante_Fake.pdf , page1 used on input line 46.
(pdftex.def)             Requested size: 845.0448pt x 597.5064pt.
File: Diplomas/Comprovante_Fake.pdf Graphic file (type pdf)
<use Diplomas/Comprovante_Fake.pdf, page 1>
Package pdftex.def Info: Diplomas/Comprovante_Fake.pdf , page1 used on input line 46.
(pdftex.def)             Requested size: 845.0448pt x 597.5064pt.
File: Diplomas/Comprovante_Fake.pdf Graphic file (type pdf)
<use Diplomas/Comprovante_Fake.pdf, page 1>
Package pdftex.def Info: Diplomas/Comprovante_Fake.pdf , page1 used on input line 46.
(pdftex.def)             Requested size: 845.0448pt x 597.5064pt.
 [20]
File: Diplomas/Comprovante_Fake.pdf Graphic file (type pdf)
<use Diplomas/Comprovante_Fake.pdf>
Package pdftex.def Info: Diplomas/Comprovante_Fake.pdf  used on input line 54.
(pdftex.def)             Requested size: 845.0448pt x 597.5064pt.
File: Diplomas/Comprovante_Fake.pdf Graphic file (type pdf)
<use Diplomas/Comprovante_Fake.pdf>
Package pdftex.def Info: Diplomas/Comprovante_Fake.pdf  used on input line 54.
(pdftex.def)             Requested size: 845.0448pt x 597.5064pt.
File: Diplomas/Comprovante_Fake.pdf Graphic file (type pdf)
<use Diplomas/Comprovante_Fake.pdf, page 1>
Package pdftex.def Info: Diplomas/Comprovante_Fake.pdf , page1 used on input line 54.
(pdftex.def)             Requested size: 845.0448pt x 597.5064pt.
File: Diplomas/Comprovante_Fake.pdf Graphic file (type pdf)
<use Diplomas/Comprovante_Fake.pdf, page 1>
Package pdftex.def Info: Diplomas/Comprovante_Fake.pdf , page1 used on input line 54.
(pdftex.def)             Requested size: 845.0448pt x 597.5064pt.
 [21]
File: Diplomas/Comprovante_Fake.pdf Graphic file (type pdf)
<use Diplomas/Comprovante_Fake.pdf, page 1>
Package pdftex.def Info: Diplomas/Comprovante_Fake.pdf , page1 used on input line 54.
(pdftex.def)             Requested size: 845.0448pt x 597.5064pt.
File: Diplomas/Comprovante_Fake.pdf Graphic file (type pdf)
<use Diplomas/Comprovante_Fake.pdf, page 1>
Package pdftex.def Info: Diplomas/Comprovante_Fake.pdf , page1 used on input line 54.
(pdftex.def)             Requested size: 845.0448pt x 597.5064pt.
File: Diplomas/Comprovante_Fake.pdf Graphic file (type pdf)
<use Diplomas/Comprovante_Fake.pdf, page 1>
Package pdftex.def Info: Diplomas/Comprovante_Fake.pdf , page1 used on input line 54.
(pdftex.def)             Requested size: 845.0448pt x 597.5064pt.
 [22]
<docs/Comprovante_Fake.pdf, id=359, 845.04686pt x 597.50786pt>
File: docs/Comprovante_Fake.pdf Graphic file (type pdf)
<use docs/Comprovante_Fake.pdf>
Package pdftex.def Info: docs/Comprovante_Fake.pdf  used on input line 63.
(pdftex.def)             Requested size: 845.0448pt x 597.5064pt.
File: docs/Comprovante_Fake.pdf Graphic file (type pdf)
<use docs/Comprovante_Fake.pdf>
Package pdftex.def Info: docs/Comprovante_Fake.pdf  used on input line 63.
(pdftex.def)             Requested size: 845.0448pt x 597.5064pt.
<docs/Comprovante_Fake.pdf, id=362, page=1, 845.04686pt x 597.50786pt>
File: docs/Comprovante_Fake.pdf Graphic file (type pdf)
<use docs/Comprovante_Fake.pdf, page 1>
Package pdftex.def Info: docs/Comprovante_Fake.pdf , page1 used on input line 63.
(pdftex.def)             Requested size: 845.0448pt x 597.5064pt.
File: docs/Comprovante_Fake.pdf Graphic file (type pdf)
<use docs/Comprovante_Fake.pdf, page 1>
Package pdftex.def Info: docs/Comprovante_Fake.pdf , page1 used on input line 63.
(pdftex.def)             Requested size: 845.0448pt x 597.5064pt.
 [23]
File: docs/Comprovante_Fake.pdf Graphic file (type pdf)
<use docs/Comprovante_Fake.pdf, page 1>
Package pdftex.def Info: docs/Comprovante_Fake.pdf , page1 used on input line 63.
(pdftex.def)             Requested size: 845.0448pt x 597.5064pt.
File: docs/Comprovante_Fake.pdf Graphic file (type pdf)
<use docs/Comprovante_Fake.pdf, page 1>
Package pdftex.def Info: docs/Comprovante_Fake.pdf , page1 used on input line 63.
(pdftex.def)             Requested size: 845.0448pt x 597.5064pt.
File: docs/Comprovante_Fake.pdf Graphic file (type pdf)
<use docs/Comprovante_Fake.pdf, page 1>
Package pdftex.def Info: docs/Comprovante_Fake.pdf , page1 used on input line 63.
(pdftex.def)             Requested size: 845.0448pt x 597.5064pt.
 [24 <./docs/Comprovante_Fake.pdf>]
File: Diplomas/Comprovante_Fake.pdf Graphic file (type pdf)
<use Diplomas/Comprovante_Fake.pdf>
Package pdftex.def Info: Diplomas/Comprovante_Fake.pdf  used on input line 71.
(pdftex.def)             Requested size: 845.0448pt x 597.5064pt.
File: Diplomas/Comprovante_Fake.pdf Graphic file (type pdf)
<use Diplomas/Comprovante_Fake.pdf>
Package pdftex.def Info: Diplomas/Comprovante_Fake.pdf  used on input line 71.
(pdftex.def)             Requested size: 845.0448pt x 597.5064pt.
File: Diplomas/Comprovante_Fake.pdf Graphic file (type pdf)
<use Diplomas/Comprovante_Fake.pdf, page 1>
Package pdftex.def Info: Diplomas/Comprovante_Fake.pdf , page1 used on input line 71.
(pdftex.def)             Requested size: 845.0448pt x 597.5064pt.
File: Diplomas/Comprovante_Fake.pdf Graphic file (type pdf)
<use Diplomas/Comprovante_Fake.pdf, page 1>
Package pdftex.def Info: Diplomas/Comprovante_Fake.pdf , page1 used on input line 71.
(pdftex.def)             Requested size: 845.0448pt x 597.5064pt.
 [25]
File: Diplomas/Comprovante_Fake.pdf Graphic file (type pdf)
<use Diplomas/Comprovante_Fake.pdf, page 1>
Package pdftex.def Info: Diplomas/Comprovante_Fake.pdf , page1 used on input line 71.
(pdftex.def)             Requested size: 845.0448pt x 597.5064pt.
File: Diplomas/Comprovante_Fake.pdf Graphic file (type pdf)
<use Diplomas/Comprovante_Fake.pdf, page 1>
Package pdftex.def Info: Diplomas/Comprovante_Fake.pdf , page1 used on input line 71.
(pdftex.def)             Requested size: 845.0448pt x 597.5064pt.
File: Diplomas/Comprovante_Fake.pdf Graphic file (type pdf)
<use Diplomas/Comprovante_Fake.pdf, page 1>
Package pdftex.def Info: Diplomas/Comprovante_Fake.pdf , page1 used on input line 71.
(pdftex.def)             Requested size: 845.0448pt x 597.5064pt.
 [26]
File: Diplomas/Comprovante_Fake.pdf Graphic file (type pdf)
<use Diplomas/Comprovante_Fake.pdf>
Package pdftex.def Info: Diplomas/Comprovante_Fake.pdf  used on input line 77.
(pdftex.def)             Requested size: 845.0448pt x 597.5064pt.
File: Diplomas/Comprovante_Fake.pdf Graphic file (type pdf)
<use Diplomas/Comprovante_Fake.pdf>
Package pdftex.def Info: Diplomas/Comprovante_Fake.pdf  used on input line 77.
(pdftex.def)             Requested size: 845.0448pt x 597.5064pt.
File: Diplomas/Comprovante_Fake.pdf Graphic file (type pdf)
<use Diplomas/Comprovante_Fake.pdf, page 1>
Package pdftex.def Info: Diplomas/Comprovante_Fake.pdf , page1 used on input line 77.
(pdftex.def)             Requested size: 845.0448pt x 597.5064pt.
File: Diplomas/Comprovante_Fake.pdf Graphic file (type pdf)
<use Diplomas/Comprovante_Fake.pdf, page 1>
Package pdftex.def Info: Diplomas/Comprovante_Fake.pdf , page1 used on input line 77.
(pdftex.def)             Requested size: 845.0448pt x 597.5064pt.

Underfull \hbox (badness 10000) in paragraph at lines 76--77
[][][]\T1/cmr/m/n/12 Esta sub-seção ap-re-senta o com-pro-vante de Mon-i-to-ria para alunos de
 []

[27]
File: Diplomas/Comprovante_Fake.pdf Graphic file (type pdf)
<use Diplomas/Comprovante_Fake.pdf, page 1>
Package pdftex.def Info: Diplomas/Comprovante_Fake.pdf , page1 used on input line 77.
(pdftex.def)             Requested size: 845.0448pt x 597.5064pt.
File: Diplomas/Comprovante_Fake.pdf Graphic file (type pdf)
<use Diplomas/Comprovante_Fake.pdf, page 1>
Package pdftex.def Info: Diplomas/Comprovante_Fake.pdf , page1 used on input line 77.
(pdftex.def)             Requested size: 845.0448pt x 597.5064pt.
File: Diplomas/Comprovante_Fake.pdf Graphic file (type pdf)
<use Diplomas/Comprovante_Fake.pdf, page 1>
Package pdftex.def Info: Diplomas/Comprovante_Fake.pdf , page1 used on input line 77.
(pdftex.def)             Requested size: 845.0448pt x 597.5064pt.
 [28]
File: Diplomas/Comprovante_Fake.pdf Graphic file (type pdf)
<use Diplomas/Comprovante_Fake.pdf>
Package pdftex.def Info: Diplomas/Comprovante_Fake.pdf  used on input line 84.
(pdftex.def)             Requested size: 845.0448pt x 597.5064pt.
File: Diplomas/Comprovante_Fake.pdf Graphic file (type pdf)
<use Diplomas/Comprovante_Fake.pdf>
Package pdftex.def Info: Diplomas/Comprovante_Fake.pdf  used on input line 84.
(pdftex.def)             Requested size: 845.0448pt x 597.5064pt.
File: Diplomas/Comprovante_Fake.pdf Graphic file (type pdf)
<use Diplomas/Comprovante_Fake.pdf, page 1>
Package pdftex.def Info: Diplomas/Comprovante_Fake.pdf , page1 used on input line 84.
(pdftex.def)             Requested size: 845.0448pt x 597.5064pt.
File: Diplomas/Comprovante_Fake.pdf Graphic file (type pdf)
<use Diplomas/Comprovante_Fake.pdf, page 1>
Package pdftex.def Info: Diplomas/Comprovante_Fake.pdf , page1 used on input line 84.
(pdftex.def)             Requested size: 845.0448pt x 597.5064pt.
 [29]
File: Diplomas/Comprovante_Fake.pdf Graphic file (type pdf)
<use Diplomas/Comprovante_Fake.pdf, page 1>
Package pdftex.def Info: Diplomas/Comprovante_Fake.pdf , page1 used on input line 84.
(pdftex.def)             Requested size: 845.0448pt x 597.5064pt.
File: Diplomas/Comprovante_Fake.pdf Graphic file (type pdf)
<use Diplomas/Comprovante_Fake.pdf, page 1>
Package pdftex.def Info: Diplomas/Comprovante_Fake.pdf , page1 used on input line 84.
(pdftex.def)             Requested size: 845.0448pt x 597.5064pt.
File: Diplomas/Comprovante_Fake.pdf Graphic file (type pdf)
<use Diplomas/Comprovante_Fake.pdf, page 1>
Package pdftex.def Info: Diplomas/Comprovante_Fake.pdf , page1 used on input line 84.
(pdftex.def)             Requested size: 845.0448pt x 597.5064pt.
 [30]
File: Diplomas/Comprovante_Fake.pdf Graphic file (type pdf)
<use Diplomas/Comprovante_Fake.pdf>
Package pdftex.def Info: Diplomas/Comprovante_Fake.pdf  used on input line 105.
(pdftex.def)             Requested size: 845.0448pt x 597.5064pt.
File: Diplomas/Comprovante_Fake.pdf Graphic file (type pdf)
<use Diplomas/Comprovante_Fake.pdf>
Package pdftex.def Info: Diplomas/Comprovante_Fake.pdf  used on input line 105.
(pdftex.def)             Requested size: 845.0448pt x 597.5064pt.
File: Diplomas/Comprovante_Fake.pdf Graphic file (type pdf)
<use Diplomas/Comprovante_Fake.pdf, page 1>
Package pdftex.def Info: Diplomas/Comprovante_Fake.pdf , page1 used on input line 105.
(pdftex.def)             Requested size: 845.0448pt x 597.5064pt.
File: Diplomas/Comprovante_Fake.pdf Graphic file (type pdf)
<use Diplomas/Comprovante_Fake.pdf, page 1>
Package pdftex.def Info: Diplomas/Comprovante_Fake.pdf , page1 used on input line 105.
(pdftex.def)             Requested size: 845.0448pt x 597.5064pt.
 [31]
File: Diplomas/Comprovante_Fake.pdf Graphic file (type pdf)
<use Diplomas/Comprovante_Fake.pdf, page 1>
Package pdftex.def Info: Diplomas/Comprovante_Fake.pdf , page1 used on input line 105.
(pdftex.def)             Requested size: 845.0448pt x 597.5064pt.
File: Diplomas/Comprovante_Fake.pdf Graphic file (type pdf)
<use Diplomas/Comprovante_Fake.pdf, page 1>
Package pdftex.def Info: Diplomas/Comprovante_Fake.pdf , page1 used on input line 105.
(pdftex.def)             Requested size: 845.0448pt x 597.5064pt.
File: Diplomas/Comprovante_Fake.pdf Graphic file (type pdf)
<use Diplomas/Comprovante_Fake.pdf, page 1>
Package pdftex.def Info: Diplomas/Comprovante_Fake.pdf , page1 used on input line 105.
(pdftex.def)             Requested size: 845.0448pt x 597.5064pt.
 [32])
Package atveryend Info: Empty hook `BeforeClearDocument' on input line 479.
Package atveryend Info: Empty hook `AfterLastShipout' on input line 479.
 (./memorial_amp.aux (./appendices.aux))
Package atveryend Info: Executing hook `AtVeryEndDocument' on input line 479.
Package atveryend Info: Executing hook `AtEndAfterFileList' on input line 479.


Package rerunfilecheck Warning: File `memorial_amp.out' has changed.
(rerunfilecheck)                Rerun to get outlines right
(rerunfilecheck)                or use package `bookmark'.

Package rerunfilecheck Info: Checksums for `memorial_amp.out':
(rerunfilecheck)             Before: FEFBFC9EF0754C934E7E08F91539FA17;11697
(rerunfilecheck)             After:  97D8484FB45D16E4C636D0C0587AFB6E;3631.
 ) 
Here is how much of TeX's memory you used:
 9878 strings out of 483090
 142528 string characters out of 5963929
 420147 words of memory out of 5000000
 24545 multiletter control sequences out of 15000+600000
 554548 words of font info for 72 fonts, out of 8000000 for 9000
 61 hyphenation exceptions out of 8191
 45i,57n,55p,927b,952s stack positions out of 5000i,500n,10000p,200000b,80000s
 </home/ampaschoal/.texlive2019/texmf-var/fonts/pk/ljfour/jknappen/ec/ectt1200.600pk> </home/ampaschoal/.texlive2019/texmf-var/fonts/pk/ljfour/jknappen/ec/ecti1200.600pk> </home/ampaschoal/.texlive2019/texmf-var/fonts/pk/ljfour/jknappen/ec/ecsx1200.600pk> </home/ampaschoal/.texlive2019/texmf-var/fonts/pk/ljfour/jknappen/ec/ecbx1200.600pk> </home/ampaschoal/.texlive2019/texmf-var/fonts/pk/ljfour/jknappen/ec/tcrm1200.600pk> </home/ampaschoal/.texlive2019/texmf-var/fonts/pk/ljfour/jknappen/ec/ecrm1200.600pk> </home/ampaschoal/.texlive2019/texmf-var/fonts/pk/ljfour/jknappen/ec/ecrm1000.600pk> </home/ampaschoal/.texlive2019/texmf-var/fonts/pk/ljfour/jknappen/ec/ecbx1000.600pk> </home/ampaschoal/.texlive2019/texmf-var/fonts/pk/ljfour/jknappen/ec/ecbx1440.600pk> </home/ampaschoal/.texlive2019/texmf-var/fonts/pk/ljfour/jknappen/ec/ecti0800.600pk> </home/ampaschoal/.texlive2019/texmf-var/fonts/pk/ljfour/jknappen/ec/ecrm0800.600pk> </home/ampaschoal/.texlive2019/texmf-var/fonts/pk/ljfour/jknappen/ec/ecss1000.600pk> </home/ampaschoal/.texlive2019/texmf-var/fonts/pk/ljfour/jknappen/ec/ecsx1728.600pk> </home/ampaschoal/.texlive2019/texmf-var/fonts/pk/ljfour/jknappen/ec/ecss1728.600pk> </home/ampaschoal/.texlive2019/texmf-var/fonts/pk/ljfour/jknappen/ec/ecsx1440.600pk> </home/ampaschoal/.texlive2019/texmf-var/fonts/pk/ljfour/jknappen/ec/ecss1440.600pk> </home/ampaschoal/.texlive2019/texmf-var/fonts/pk/ljfour/jknappen/ec/ecsx2488.600pk>
Output written on memorial_amp.pdf (33 pages, 288441 bytes).
PDF statistics:
 1027 PDF objects out of 1200 (max. 8388607)
 433 compressed objects within 5 object streams
 86 named destinations out of 1000 (max. 500000)
 408 words of extra memory for PDF output out of 10000 (max. 10000000)

