\BOOKMARK [1][-]{section.1}{Trajet\363ria acad\352mica}{}% 1
\BOOKMARK [1][-]{section.2}{Identifica\347\343o}{}% 2
\BOOKMARK [1][-]{section.3}{Forma\347\343o}{}% 3
\BOOKMARK [1][-]{section.4}{T\355tulos}{}% 4
\BOOKMARK [2][-]{subsection.4.1}{Diplomas, dignidades universit\341rias e pr\352mios de cunho cient\355fico e cultural.}{section.4}% 5
\BOOKMARK [2][-]{subsection.4.2}{Participa\347\343o em congressos, simp\363sios e outros certames cient\355ficos e culturais com apresenta\347\343o de trabalhos}{section.4}% 6
\BOOKMARK [2][-]{subsection.4.3}{Obten\347\343o de bolsa de estudo em institui\347\365es de renome cient\355fico ou cultural}{section.4}% 7
\BOOKMARK [1][-]{section.5}{Produ\347\343o cient\355fica}{}% 8
\BOOKMARK [2][-]{subsection.5.1}{Trabalhos aceitos em congressos}{section.5}% 9
\BOOKMARK [2][-]{subsection.5.2}{Artigos Cient\355ficos Publicados em Peri\363dicos Nacionais e Internacionais na sua \341rea de atua\347\343o}{section.5}% 10
\BOOKMARK [2][-]{subsection.5.3}{Disserta\347\343o de Mestrado}{section.5}% 11
\BOOKMARK [2][-]{subsection.5.4}{Tese de doutorado}{section.5}% 12
\BOOKMARK [1][-]{section.6}{Experi\352ncias Did\341ticas Universit\341rias}{}% 13
\BOOKMARK [2][-]{subsection.6.1}{Monitorias para disciplinas de gradua\347\343o}{section.6}% 14
\BOOKMARK [2][-]{subsection.6.2}{Membro de comiss\343o avaliadora}{section.6}% 15
\BOOKMARK [1][-]{section.7}{Coordena\347\343o de Eventos e Conferencista}{}% 16
\BOOKMARK [2][-]{subsection.7.1}{Comiss\343o Organizadora de Eventos Internacional, Nacional, Regional ou Local}{section.7}% 17
\BOOKMARK [1][-]{appendix.A}{Documentos comprobat\363rios}{}% 18
\BOOKMARK [1][-]{appendix.A}{Documentos comprobat\363rios}{}% 19
\BOOKMARK [2][-]{subsection.A.1}{Diploma de Gradua\347\343o em Ci\352ncias F\355sicas e Biomoleculares, junto ao Instituto de F\355sica de S\343o Carlos \(IFSC - USP\)}{appendix.A}% 20
\BOOKMARK [2][-]{subsection.A.2}{Diploma de Mestre em Ci\352ncias, junto ao Instituto de F\355sica de S\343o Carlos \(IFSC - USP\)}{appendix.A}% 21
\BOOKMARK [2][-]{subsection.A.3}{Diploma de Doutor em Ci\352ncias, junto ao Departamento de F\355sica da Faculdade de Filosofia, Ci\352ncias e Letras de Ribeir\343o Preto \(FFCLRP\) da Universidade de S\343o Paulo \(USP\)}{appendix.A}% 22
\BOOKMARK [2][-]{subsection.A.4}{Certificado de P\363s Doutorado, junto \340 Faculdade de Medicina de Ribeir\343o Preto \(FMRP\) da Universidade de S\343o Paulo \(USP\)}{appendix.A}% 23
\BOOKMARK [2][-]{subsection.A.5}{Pr\352mios de m\351rito cient\355fico}{appendix.A}% 24
\BOOKMARK [2][-]{subsection.A.6}{Pr\352mios de m\351rito cient\355fico - Pr\352mio CAPES de Teses}{appendix.A}% 25
\BOOKMARK [2][-]{subsection.A.7}{Participa\347\343o em Eventos Cient\355ficos \(com apresenta\347\343o de trabalho ou oferecimento de cursos, palestras ou debates}{appendix.A}% 26
\BOOKMARK [2][-]{subsection.A.8}{Participa\347\343o em Eventos Cient\355ficos \(com apresenta\347\343o de trabalho ou oferecimento de cursos, palestras ou debates}{appendix.A}% 27
\BOOKMARK [2][-]{subsection.A.9}{Participa\347\343o em Eventos Cient\355ficos \(com apresenta\347\343o de trabalho ou oferecimento de cursos, palestras ou debates}{appendix.A}% 28
\BOOKMARK [2][-]{subsection.A.10}{Participa\347\343o em Eventos Cient\355ficos \(com apresenta\347\343o de trabalho ou oferecimento de cursos, palestras ou debates}{appendix.A}% 29
\BOOKMARK [2][-]{subsection.A.11}{Participa\347\343o em Eventos Cient\355ficos \(com apresenta\347\343o de trabalho ou oferecimento de cursos, palestras ou debates}{appendix.A}% 30
\BOOKMARK [2][-]{subsection.A.12}{Participa\347\343o em Eventos Cient\355ficos \(com apresenta\347\343o de trabalho ou oferecimento de cursos, palestras ou debates}{appendix.A}% 31
\BOOKMARK [2][-]{subsection.A.13}{Participa\347\343o em Eventos Cient\355ficos \(com apresenta\347\343o de trabalho ou oferecimento de cursos, palestras ou debates}{appendix.A}% 32
\BOOKMARK [2][-]{subsection.A.14}{Participa\347\343o em Eventos Cient\355ficos \(com apresenta\347\343o de trabalho ou oferecimento de cursos, palestras ou debates}{appendix.A}% 33
\BOOKMARK [2][-]{subsection.A.15}{Participa\347\343o em Eventos Cient\355ficos \(com apresenta\347\343o de trabalho ou oferecimento de cursos, palestras ou debates}{appendix.A}% 34
\BOOKMARK [2][-]{subsection.A.16}{Participa\347\343o em Eventos Cient\355ficos \(com apresenta\347\343o de trabalho ou oferecimento de cursos, palestras ou debates}{appendix.A}% 35
\BOOKMARK [2][-]{subsection.A.17}{Participa\347\343o em Eventos Cient\355ficos \(com apresenta\347\343o de trabalho ou oferecimento de cursos, palestras ou debates}{appendix.A}% 36
\BOOKMARK [2][-]{subsection.A.18}{Participa\347\343o em Eventos Cient\355ficos \(com apresenta\347\343o de trabalho ou oferecimento de cursos, palestras ou debates}{appendix.A}% 37
\BOOKMARK [2][-]{subsection.A.19}{Participa\347\343o em Eventos Cient\355ficos \(com apresenta\347\343o de trabalho ou oferecimento de cursos, palestras ou debates}{appendix.A}% 38
\BOOKMARK [2][-]{subsection.A.20}{Participa\347\343o em Eventos Cient\355ficos \(com apresenta\347\343o de trabalho ou oferecimento de cursos, palestras ou debates}{appendix.A}% 39
\BOOKMARK [2][-]{subsection.A.21}{Participa\347\343o em Eventos Cient\355ficos \(com apresenta\347\343o de trabalho ou oferecimento de cursos, palestras ou debates}{appendix.A}% 40
\BOOKMARK [2][-]{subsection.A.22}{Participa\347\343o em Eventos Cient\355ficos \(com apresenta\347\343o de trabalho ou oferecimento de cursos, palestras ou debates}{appendix.A}% 41
\BOOKMARK [2][-]{subsection.A.23}{Participa\347\343o em Eventos Cient\355ficos \(com apresenta\347\343o de trabalho ou oferecimento de cursos, palestras ou debates}{appendix.A}% 42
\BOOKMARK [2][-]{subsection.A.24}{Participa\347\343o em Eventos Cient\355ficos \(com apresenta\347\343o de trabalho ou oferecimento de cursos, palestras ou debates}{appendix.A}% 43
\BOOKMARK [2][-]{subsection.A.25}{Participa\347\343o em Eventos Cient\355ficos \(com apresenta\347\343o de trabalho ou oferecimento de cursos, palestras ou debates}{appendix.A}% 44
\BOOKMARK [2][-]{subsection.A.26}{Participa\347\343o em Eventos Cient\355ficos \(com apresenta\347\343o de trabalho ou oferecimento de cursos, palestras ou debates}{appendix.A}% 45
\BOOKMARK [2][-]{subsection.A.27}{Participa\347\343o em Eventos Cient\355ficos \(com apresenta\347\343o de trabalho ou oferecimento de cursos, palestras ou debates}{appendix.A}% 46
\BOOKMARK [2][-]{subsection.A.28}{Participa\347\343o em Eventos Cient\355ficos \(com apresenta\347\343o de trabalho ou oferecimento de cursos, palestras ou debates}{appendix.A}% 47
\BOOKMARK [2][-]{subsection.A.29}{Participa\347\343o em Eventos Cient\355ficos \(com apresenta\347\343o de trabalho ou oferecimento de cursos, palestras ou debates}{appendix.A}% 48
\BOOKMARK [2][-]{subsection.A.30}{Participa\347\343o em Eventos Cient\355ficos \(com apresenta\347\343o de trabalho ou oferecimento de cursos, palestras ou debates}{appendix.A}% 49
\BOOKMARK [2][-]{subsection.A.31}{Participa\347\343o em Eventos Cient\355ficos \(com apresenta\347\343o de trabalho ou oferecimento de cursos, palestras ou debates}{appendix.A}% 50
\BOOKMARK [2][-]{subsection.A.32}{Participa\347\343o em Eventos Cient\355ficos \(com apresenta\347\343o de trabalho ou oferecimento de cursos, palestras ou debates}{appendix.A}% 51
\BOOKMARK [2][-]{subsection.A.33}{Obten\347\343o de bolsa de estudo em institui\347\365es de renome cient\355fico ou cultural}{appendix.A}% 52
\BOOKMARK [2][-]{subsection.A.34}{Obten\347\343o de bolsa de estudo em institui\347\365es de renome cient\355fico ou cultural}{appendix.A}% 53
\BOOKMARK [2][-]{subsection.A.35}{Obten\347\343o de bolsa de estudo em institui\347\365es de renome cient\355fico ou cultural}{appendix.A}% 54
\BOOKMARK [2][-]{subsection.A.36}{Obten\347\343o de bolsa de estudo em institui\347\365es de renome cient\355fico ou cultural}{appendix.A}% 55
\BOOKMARK [2][-]{subsection.A.37}{Autoria de artigos completos publicados em anais de congresso, em jornais e revistas de circula\347\343o nacional e internacional na sua \341rea}{appendix.A}% 56
\BOOKMARK [2][-]{subsection.A.38}{Autoria de artigos completos publicados em anais de congresso, em jornais e revistas de circula\347\343o nacional e internacional na sua \341rea}{appendix.A}% 57
\BOOKMARK [2][-]{subsection.A.39}{Autoria de artigos completos publicados em anais de congresso, em jornais e revistas de circula\347\343o nacional e internacional na sua \341rea}{appendix.A}% 58
\BOOKMARK [2][-]{subsection.A.40}{Autoria de artigos completos publicados em jornais e revistas de circula\347\343o nacional e internacional na sua \341rea}{appendix.A}% 59
\BOOKMARK [2][-]{subsection.A.41}{Autoria de artigos completos publicados em jornais e revistas de circula\347\343o nacional e internacional na sua \341rea}{appendix.A}% 60
\BOOKMARK [2][-]{subsection.A.42}{Autoria de artigos completos publicados em jornais e revistas de circula\347\343o nacional e internacional na sua \341rea}{appendix.A}% 61
\BOOKMARK [2][-]{subsection.A.43}{Autoria de artigos completos publicados em jornais e revistas de circula\347\343o nacional e internacional na sua \341rea}{appendix.A}% 62
\BOOKMARK [2][-]{subsection.A.44}{Autoria de artigos completos publicados em jornais e revistas de circula\347\343o nacional e internacional na sua \341rea}{appendix.A}% 63
\BOOKMARK [2][-]{subsection.A.45}{Autoria de artigos completos publicados em jornais e revistas de circula\347\343o nacional e internacional na sua \341rea}{appendix.A}% 64
\BOOKMARK [2][-]{subsection.A.46}{Autoria de artigos completos publicados em jornais e revistas de circula\347\343o nacional e internacional na sua \341rea}{appendix.A}% 65
\BOOKMARK [2][-]{subsection.A.47}{Autoria de artigos completos publicados em jornais e revistas de circula\347\343o nacional e internacional na sua \341rea}{appendix.A}% 66
\BOOKMARK [2][-]{subsection.A.48}{Autoria de artigos completos publicados em jornais e revistas de circula\347\343o nacional e internacional na sua \341rea}{appendix.A}% 67
\BOOKMARK [2][-]{subsection.A.49}{Monitorias para disciplinas de gradua\347\343o}{appendix.A}% 68
\BOOKMARK [2][-]{subsection.A.50}{Monitorias para disciplinas de gradua\347\343o}{appendix.A}% 69
\BOOKMARK [2][-]{subsection.A.51}{Monitorias para disciplinas de gradua\347\343o}{appendix.A}% 70
\BOOKMARK [2][-]{subsection.A.52}{Monitorias para disciplinas de gradua\347\343o}{appendix.A}% 71
\BOOKMARK [2][-]{subsection.A.53}{Membro de Comiss\343o Avaliadora}{appendix.A}% 72
\BOOKMARK [2][-]{subsection.A.54}{Membro de Comiss\343o Avaliadora}{appendix.A}% 73
\BOOKMARK [2][-]{subsection.A.55}{Comiss\343o Organizadora de Eventos Internacional, Nacional, Regional ou Local}{appendix.A}% 74
\BOOKMARK [2][-]{subsection.A.56}{Comiss\343o Organizadora de Eventos Internacional, Nacional, Regional ou Local}{appendix.A}% 75
